c:\nas\msx\kings\thirdparty\sdl1\lpng157\projects\vstudio\release library\zlib.bsc
c:\nas\msx\kings\thirdparty\sdl1\lpng157\projects\vstudio\release library\zlib.pdb
c:\nas\msx\kings\thirdparty\sdl1\lpng157\projects\vstudio\zlib\release library\adler32.sbr
c:\nas\msx\kings\thirdparty\sdl1\lpng157\projects\vstudio\zlib\release library\compress.sbr
c:\nas\msx\kings\thirdparty\sdl1\lpng157\projects\vstudio\zlib\release library\crc32.sbr
c:\nas\msx\kings\thirdparty\sdl1\lpng157\projects\vstudio\zlib\release library\deflate.sbr
c:\nas\msx\kings\thirdparty\sdl1\lpng157\projects\vstudio\zlib\release library\infback.sbr
c:\nas\msx\kings\thirdparty\sdl1\lpng157\projects\vstudio\zlib\release library\inffast.sbr
c:\nas\msx\kings\thirdparty\sdl1\lpng157\projects\vstudio\zlib\release library\inflate.sbr
c:\nas\msx\kings\thirdparty\sdl1\lpng157\projects\vstudio\zlib\release library\inftrees.sbr
c:\nas\msx\kings\thirdparty\sdl1\lpng157\projects\vstudio\zlib\release library\trees.sbr
c:\nas\msx\kings\thirdparty\sdl1\lpng157\projects\vstudio\zlib\release library\uncompr.sbr
c:\nas\msx\kings\thirdparty\sdl1\lpng157\projects\vstudio\zlib\release library\zutil.sbr
c:\nas\msx\kings\thirdparty\sdl1\lpng157\projects\vstudio\zlib\release library\zutil.obj
c:\nas\msx\kings\thirdparty\sdl1\lpng157\projects\vstudio\zlib\release library\uncompr.obj
c:\nas\msx\kings\thirdparty\sdl1\lpng157\projects\vstudio\zlib\release library\trees.obj
c:\nas\msx\kings\thirdparty\sdl1\lpng157\projects\vstudio\zlib\release library\inftrees.obj
c:\nas\msx\kings\thirdparty\sdl1\lpng157\projects\vstudio\zlib\release library\inflate.obj
c:\nas\msx\kings\thirdparty\sdl1\lpng157\projects\vstudio\zlib\release library\inffast.obj
c:\nas\msx\kings\thirdparty\sdl1\lpng157\projects\vstudio\zlib\release library\infback.obj
c:\nas\msx\kings\thirdparty\sdl1\lpng157\projects\vstudio\zlib\release library\deflate.obj
c:\nas\msx\kings\thirdparty\sdl1\lpng157\projects\vstudio\zlib\release library\crc32.obj
c:\nas\msx\kings\thirdparty\sdl1\lpng157\projects\vstudio\zlib\release library\compress.obj
c:\nas\msx\kings\thirdparty\sdl1\lpng157\projects\vstudio\zlib\release library\adler32.obj
c:\nas\msx\kings\thirdparty\sdl1\lpng157\projects\vstudio\release library\zlib.lib
c:\nas\msx\kings\thirdparty\sdl1\lpng157\projects\vstudio\zlib\release library\zlib.tlog\bscmake.command.1.tlog
c:\nas\msx\kings\thirdparty\sdl1\lpng157\projects\vstudio\zlib\release library\zlib.tlog\bscmake.read.1.tlog
c:\nas\msx\kings\thirdparty\sdl1\lpng157\projects\vstudio\zlib\release library\zlib.tlog\bscmake.write.1.tlog
c:\nas\msx\kings\thirdparty\sdl1\lpng157\projects\vstudio\zlib\release library\zlib.tlog\cl.command.1.tlog
c:\nas\msx\kings\thirdparty\sdl1\lpng157\projects\vstudio\zlib\release library\zlib.tlog\cl.read.1.tlog
c:\nas\msx\kings\thirdparty\sdl1\lpng157\projects\vstudio\zlib\release library\zlib.tlog\cl.write.1.tlog
c:\nas\msx\kings\thirdparty\sdl1\lpng157\projects\vstudio\zlib\release library\zlib.tlog\lib-link.read.1.tlog
c:\nas\msx\kings\thirdparty\sdl1\lpng157\projects\vstudio\zlib\release library\zlib.tlog\lib-link.write.1.tlog
c:\nas\msx\kings\thirdparty\sdl1\lpng157\projects\vstudio\zlib\release library\zlib.tlog\lib.command.1.tlog
